<?xml version="1.0" encoding="UTF-8"?>
<coverage generated="1627735307563" clover="3.2.0">
  <project timestamp="1627735307563" name="All files">
    <metrics statements="31" coveredstatements="30" conditionals="4" coveredconditionals="4" methods="12" coveredmethods="11" elements="47" coveredelements="45" complexity="0" loc="31" ncloc="31" packages="1" files="3" classes="3"/>
    <file name="Cart.js" path="/Users/jim/Desktop/tdd-lab-2-jcarp19/src/js/Cart.js">
      <metrics statements="13" coveredstatements="12" conditionals="0" coveredconditionals="0" methods="8" coveredmethods="7"/>
      <line num="3" count="5" type="stmt"/>
      <line num="6" count="8" type="stmt"/>
      <line num="9" count="0" type="stmt"/>
      <line num="12" count="2" type="stmt"/>
      <line num="13" count="2" type="stmt"/>
      <line num="14" count="5" type="stmt"/>
      <line num="16" count="2" type="stmt"/>
      <line num="23" count="2" type="stmt"/>
      <line num="24" count="2" type="stmt"/>
      <line num="25" count="5" type="stmt"/>
      <line num="27" count="2" type="stmt"/>
      <line num="32" count="1" type="stmt"/>
      <line num="36" count="1" type="stmt"/>
    </file>
    <file name="Product.js" path="/Users/jim/Desktop/tdd-lab-2-jcarp19/src/js/Product.js">
      <metrics statements="5" coveredstatements="5" conditionals="2" coveredconditionals="2" methods="2" coveredmethods="2"/>
      <line num="3" count="12" type="stmt"/>
      <line num="4" count="12" type="stmt"/>
      <line num="5" count="12" type="stmt"/>
      <line num="8" count="7" type="cond" truecount="2" falsecount="0"/>
      <line num="12" count="2" type="stmt"/>
    </file>
    <file name="money-functions.js" path="/Users/jim/Desktop/tdd-lab-2-jcarp19/src/js/money-functions.js">
      <metrics statements="13" coveredstatements="13" conditionals="2" coveredconditionals="2" methods="2" coveredmethods="2"/>
      <line num="1" count="1" type="stmt"/>
      <line num="2" count="8" type="cond" truecount="2" falsecount="0"/>
      <line num="5" count="1" type="stmt"/>
      <line num="7" count="4" type="stmt"/>
      <line num="9" count="4" type="stmt"/>
      <line num="10" count="4" type="stmt"/>
      <line num="12" count="4" type="stmt"/>
      <line num="13" count="4" type="stmt"/>
      <line num="15" count="4" type="stmt"/>
      <line num="16" count="4" type="stmt"/>
      <line num="18" count="4" type="stmt"/>
      <line num="20" count="4" type="stmt"/>
      <line num="23" count="1" type="stmt"/>
    </file>
  </project>
</coverage>
