{"/Users/jim/Desktop/tdd-lab-2-jcarp19/src/js/Cart.js": {"path":"/Users/jim/Desktop/tdd-lab-2-jcarp19/src/js/Cart.js","statementMap":{"0":{"start":{"line":3,"column":8},"end":{"line":3,"column":24}},"1":{"start":{"line":6,"column":8},"end":{"line":6,"column":33}},"2":{"start":{"line":9,"column":7},"end":{"line":9,"column":32}},"3":{"start":{"line":12,"column":27},"end":{"line":12,"column":28}},"4":{"start":{"line":13,"column":8},"end":{"line":15,"column":11}},"5":{"start":{"line":14,"column":12},"end":{"line":14,"column":39}},"6":{"start":{"line":16,"column":8},"end":{"line":16,"column":28}},"7":{"start":{"line":23,"column":25},"end":{"line":23,"column":26}},"8":{"start":{"line":24,"column":8},"end":{"line":26,"column":11}},"9":{"start":{"line":25,"column":12},"end":{"line":25,"column":48}},"10":{"start":{"line":27,"column":8},"end":{"line":27,"column":26}},"11":{"start":{"line":32,"column":8},"end":{"line":32,"column":65}},"12":{"start":{"line":36,"column":0},"end":{"line":36,"column":22}}},"fnMap":{"0":{"name":"(anonymous_0)","decl":{"start":{"line":2,"column":4},"end":{"line":2,"column":5}},"loc":{"start":{"line":2,"column":19},"end":{"line":4,"column":5}},"line":2},"1":{"name":"(anonymous_1)","decl":{"start":{"line":5,"column":4},"end":{"line":5,"column":5}},"loc":{"start":{"line":5,"column":17},"end":{"line":7,"column":5}},"line":5},"2":{"name":"(anonymous_2)","decl":{"start":{"line":8,"column":4},"end":{"line":8,"column":5}},"loc":{"start":{"line":8,"column":19},"end":{"line":10,"column":5}},"line":8},"3":{"name":"(anonymous_3)","decl":{"start":{"line":11,"column":4},"end":{"line":11,"column":5}},"loc":{"start":{"line":11,"column":24},"end":{"line":17,"column":5}},"line":11},"4":{"name":"(anonymous_4)","decl":{"start":{"line":13,"column":27},"end":{"line":13,"column":28}},"loc":{"start":{"line":13,"column":42},"end":{"line":15,"column":9}},"line":13},"5":{"name":"(anonymous_5)","decl":{"start":{"line":20,"column":4},"end":{"line":20,"column":5}},"loc":{"start":{"line":20,"column":22},"end":{"line":28,"column":5}},"line":20},"6":{"name":"(anonymous_6)","decl":{"start":{"line":24,"column":27},"end":{"line":24,"column":28}},"loc":{"start":{"line":24,"column":36},"end":{"line":26,"column":9}},"line":24},"7":{"name":"(anonymous_7)","decl":{"start":{"line":31,"column":4},"end":{"line":31,"column":5}},"loc":{"start":{"line":31,"column":13},"end":{"line":33,"column":5}},"line":31}},"branchMap":{},"s":{"0":5,"1":8,"2":0,"3":2,"4":2,"5":5,"6":2,"7":2,"8":2,"9":5,"10":2,"11":1,"12":1},"f":{"0":5,"1":8,"2":0,"3":2,"4":5,"5":2,"6":5,"7":1},"b":{},"_coverageSchema":"43e27e138ebf9cfc5966b082cf9a028302ed4184","hash":"b8573a5ae6501302fa41c4098b6e58714b11478d"}
,"/Users/jim/Desktop/tdd-lab-2-jcarp19/src/js/Product.js": {"path":"/Users/jim/Desktop/tdd-lab-2-jcarp19/src/js/Product.js","statementMap":{"0":{"start":{"line":3,"column":8},"end":{"line":3,"column":25}},"1":{"start":{"line":4,"column":8},"end":{"line":4,"column":27}},"2":{"start":{"line":5,"column":8},"end":{"line":5,"column":31}},"3":{"start":{"line":8,"column":8},"end":{"line":8,"column":61}},"4":{"start":{"line":12,"column":0},"end":{"line":12,"column":25}}},"fnMap":{"0":{"name":"(anonymous_0)","decl":{"start":{"line":2,"column":4},"end":{"line":2,"column":5}},"loc":{"start":{"line":2,"column":38},"end":{"line":6,"column":5}},"line":2},"1":{"name":"(anonymous_1)","decl":{"start":{"line":7,"column":4},"end":{"line":7,"column":5}},"loc":{"start":{"line":7,"column":22},"end":{"line":9,"column":5}},"line":7}},"branchMap":{"0":{"loc":{"start":{"line":8,"column":15},"end":{"line":8,"column":60}},"type":"cond-expr","locations":[{"start":{"line":8,"column":30},"end":{"line":8,"column":47}},{"start":{"line":8,"column":50},"end":{"line":8,"column":60}}],"line":8}},"s":{"0":12,"1":12,"2":12,"3":7,"4":2},"f":{"0":12,"1":7},"b":{"0":[5,2]},"_coverageSchema":"43e27e138ebf9cfc5966b082cf9a028302ed4184","hash":"5d0f3181306e91687368f3eb9cde5b0f91b5be6b"}
,"/Users/jim/Desktop/tdd-lab-2-jcarp19/src/js/money-functions.js": {"path":"/Users/jim/Desktop/tdd-lab-2-jcarp19/src/js/money-functions.js","statementMap":{"0":{"start":{"line":1,"column":22},"end":{"line":3,"column":1}},"1":{"start":{"line":2,"column":4},"end":{"line":2,"column":151}},"2":{"start":{"line":5,"column":17},"end":{"line":21,"column":1}},"3":{"start":{"line":7,"column":17},"end":{"line":7,"column":64}},"4":{"start":{"line":9,"column":4},"end":{"line":9,"column":45}},"5":{"start":{"line":10,"column":4},"end":{"line":10,"column":23}},"6":{"start":{"line":12,"column":4},"end":{"line":12,"column":42}},"7":{"start":{"line":13,"column":4},"end":{"line":13,"column":23}},"8":{"start":{"line":15,"column":4},"end":{"line":15,"column":43}},"9":{"start":{"line":16,"column":4},"end":{"line":16,"column":22}},"10":{"start":{"line":18,"column":4},"end":{"line":18,"column":43}},"11":{"start":{"line":20,"column":4},"end":{"line":20,"column":18}},"12":{"start":{"line":23,"column":0},"end":{"line":23,"column":44}}},"fnMap":{"0":{"name":"(anonymous_0)","decl":{"start":{"line":1,"column":22},"end":{"line":1,"column":23}},"loc":{"start":{"line":1,"column":34},"end":{"line":3,"column":1}},"line":1},"1":{"name":"(anonymous_1)","decl":{"start":{"line":5,"column":17},"end":{"line":5,"column":18}},"loc":{"start":{"line":5,"column":28},"end":{"line":21,"column":1}},"line":5}},"branchMap":{"0":{"loc":{"start":{"line":2,"column":11},"end":{"line":2,"column":150}},"type":"cond-expr","locations":[{"start":{"line":2,"column":25},"end":{"line":2,"column":79}},{"start":{"line":2,"column":82},"end":{"line":2,"column":150}}],"line":2}},"s":{"0":1,"1":8,"2":1,"3":4,"4":4,"5":4,"6":4,"7":4,"8":4,"9":4,"10":4,"11":4,"12":1},"f":{"0":8,"1":4},"b":{"0":[6,2]},"_coverageSchema":"43e27e138ebf9cfc5966b082cf9a028302ed4184","hash":"8205c8f0015a0cae45a0ec6f67e455f10b9a668c"}
}
