TN:
SF:/Users/jim/Desktop/tdd-lab-2-jcarp19/src/js/Cart.js
FN:2,(anonymous_0)
FN:5,(anonymous_1)
FN:8,(anonymous_2)
FN:11,(anonymous_3)
FN:13,(anonymous_4)
FN:20,(anonymous_5)
FN:24,(anonymous_6)
FN:31,(anonymous_7)
FNF:8
FNH:7
FNDA:5,(anonymous_0)
FNDA:8,(anonymous_1)
FNDA:0,(anonymous_2)
FNDA:2,(anonymous_3)
FNDA:5,(anonymous_4)
FNDA:2,(anonymous_5)
FNDA:5,(anonymous_6)
FNDA:1,(anonymous_7)
DA:3,5
DA:6,8
DA:9,0
DA:12,2
DA:13,2
DA:14,5
DA:16,2
DA:23,2
DA:24,2
DA:25,5
DA:27,2
DA:32,1
DA:36,1
LF:13
LH:12
BRF:0
BRH:0
end_of_record
TN:
SF:/Users/jim/Desktop/tdd-lab-2-jcarp19/src/js/Product.js
FN:2,(anonymous_0)
FN:7,(anonymous_1)
FNF:2
FNH:2
FNDA:12,(anonymous_0)
FNDA:7,(anonymous_1)
DA:3,12
DA:4,12
DA:5,12
DA:8,7
DA:12,2
LF:5
LH:5
BRDA:8,0,0,5
BRDA:8,0,1,2
BRF:2
BRH:2
end_of_record
TN:
SF:/Users/jim/Desktop/tdd-lab-2-jcarp19/src/js/money-functions.js
FN:1,(anonymous_0)
FN:5,(anonymous_1)
FNF:2
FNH:2
FNDA:8,(anonymous_0)
FNDA:4,(anonymous_1)
DA:1,1
DA:2,8
DA:5,1
DA:7,4
DA:9,4
DA:10,4
DA:12,4
DA:13,4
DA:15,4
DA:16,4
DA:18,4
DA:20,4
DA:23,1
LF:13
LH:13
BRDA:2,0,0,6
BRDA:2,0,1,2
BRF:2
BRH:2
end_of_record
